Performing C SOURCE FILE Test CMAKE_HAVE_LIBC_PTHREAD failed with the following output:
Change Dir: /home/swetha/Documents/Repos/Assignment1_2/build/CMakeFiles/CMakeTmp

Run Build Command(s):/usr/bin/gmake -f Makefile cmTC_b7d6a/fast && /usr/bin/gmake  -f CMakeFiles/cmTC_b7d6a.dir/build.make CMakeFiles/cmTC_b7d6a.dir/build
gmake[1]: Entering directory '/home/swetha/Documents/Repos/Assignment1_2/build/CMakeFiles/CMakeTmp'
Building C object CMakeFiles/cmTC_b7d6a.dir/src.c.o
/usr/bin/cc -DCMAKE_HAVE_LIBC_PTHREAD   -o CMakeFiles/cmTC_b7d6a.dir/src.c.o -c /home/swetha/Documents/Repos/Assignment1_2/build/CMakeFiles/CMakeTmp/src.c
Linking C executable cmTC_b7d6a
/usr/bin/cmake -E cmake_link_script CMakeFiles/cmTC_b7d6a.dir/link.txt --verbose=1
/usr/bin/cc CMakeFiles/cmTC_b7d6a.dir/src.c.o -o cmTC_b7d6a 
/usr/bin/ld: CMakeFiles/cmTC_b7d6a.dir/src.c.o: in function `main':
src.c:(.text+0x2d): undefined reference to `pthread_create'
/usr/bin/ld: src.c:(.text+0x39): undefined reference to `pthread_detach'
/usr/bin/ld: src.c:(.text+0x45): undefined reference to `pthread_cancel'
/usr/bin/ld: src.c:(.text+0x56): undefined reference to `pthread_join'
collect2: error: ld returned 1 exit status
gmake[1]: *** [CMakeFiles/cmTC_b7d6a.dir/build.make:99: cmTC_b7d6a] Error 1
gmake[1]: Leaving directory '/home/swetha/Documents/Repos/Assignment1_2/build/CMakeFiles/CMakeTmp'
gmake: *** [Makefile:127: cmTC_b7d6a/fast] Error 2


Source file was:
#include <pthread.h>

static void* test_func(void* data)
{
  return data;
}

int main(void)
{
  pthread_t thread;
  pthread_create(&thread, NULL, test_func, NULL);
  pthread_detach(thread);
  pthread_cancel(thread);
  pthread_join(thread, NULL);
  pthread_atfork(NULL, NULL, NULL);
  pthread_exit(NULL);

  return 0;
}

Determining if the function pthread_create exists in the pthreads failed with the following output:
Change Dir: /home/swetha/Documents/Repos/Assignment1_2/build/CMakeFiles/CMakeTmp

Run Build Command(s):/usr/bin/gmake -f Makefile cmTC_8def5/fast && /usr/bin/gmake  -f CMakeFiles/cmTC_8def5.dir/build.make CMakeFiles/cmTC_8def5.dir/build
gmake[1]: Entering directory '/home/swetha/Documents/Repos/Assignment1_2/build/CMakeFiles/CMakeTmp'
Building C object CMakeFiles/cmTC_8def5.dir/CheckFunctionExists.c.o
/usr/bin/cc   -DCHECK_FUNCTION_EXISTS=pthread_create -o CMakeFiles/cmTC_8def5.dir/CheckFunctionExists.c.o -c /usr/share/cmake/Modules/CheckFunctionExists.c
Linking C executable cmTC_8def5
/usr/bin/cmake -E cmake_link_script CMakeFiles/cmTC_8def5.dir/link.txt --verbose=1
/usr/bin/cc  -DCHECK_FUNCTION_EXISTS=pthread_create CMakeFiles/cmTC_8def5.dir/CheckFunctionExists.c.o -o cmTC_8def5  -lpthreads 
/usr/bin/ld: cannot find -lpthreads
collect2: error: ld returned 1 exit status
gmake[1]: *** [CMakeFiles/cmTC_8def5.dir/build.make:99: cmTC_8def5] Error 1
gmake[1]: Leaving directory '/home/swetha/Documents/Repos/Assignment1_2/build/CMakeFiles/CMakeTmp'
gmake: *** [Makefile:127: cmTC_8def5/fast] Error 2



